<?xml version="1.0" encoding="UTF-8"?>
<testsuite xmlns:xsi="http://www.w3.org/2001/XMLSchema-instance" xsi:noNamespaceSchemaLocation="https://maven.apache.org/surefire/maven-surefire-plugin/xsd/surefire-test-report-3.0.xsd" version="3.0" name="com.example.prometheusdemo.PrometheusDemoApplicationTests" time="2.482" tests="1" errors="0" skipped="0" failures="0">
  <properties>
    <property name="java.specification.version" value="17"/>
    <property name="sun.cpu.isalist" value="amd64"/>
    <property name="sun.jnu.encoding" value="Cp1252"/>
    <property name="java.class.path" value="E:\prometheusDemo\target\test-classes;E:\prometheusDemo\target\classes;D:\software\maven-3.8.4\repository\org\springframework\boot\spring-boot-starter\3.1.10\spring-boot-starter-3.1.10.jar;D:\software\maven-3.8.4\repository\org\springframework\boot\spring-boot\3.1.10\spring-boot-3.1.10.jar;D:\software\maven-3.8.4\repository\org\springframework\spring-context\6.0.18\spring-context-6.0.18.jar;D:\software\maven-3.8.4\repository\org\springframework\boot\spring-boot-autoconfigure\3.1.10\spring-boot-autoconfigure-3.1.10.jar;D:\software\maven-3.8.4\repository\org\springframework\boot\spring-boot-starter-logging\3.1.10\spring-boot-starter-logging-3.1.10.jar;D:\software\maven-3.8.4\repository\ch\qos\logback\logback-classic\1.4.14\logback-classic-1.4.14.jar;D:\software\maven-3.8.4\repository\ch\qos\logback\logback-core\1.4.14\logback-core-1.4.14.jar;D:\software\maven-3.8.4\repository\org\apache\logging\log4j\log4j-to-slf4j\2.20.0\log4j-to-slf4j-2.20.0.jar;D:\software\maven-3.8.4\repository\org\apache\logging\log4j\log4j-api\2.20.0\log4j-api-2.20.0.jar;D:\software\maven-3.8.4\repository\org\slf4j\jul-to-slf4j\2.0.12\jul-to-slf4j-2.0.12.jar;D:\software\maven-3.8.4\repository\jakarta\annotation\jakarta.annotation-api\2.1.1\jakarta.annotation-api-2.1.1.jar;D:\software\maven-3.8.4\repository\org\springframework\spring-core\6.0.18\spring-core-6.0.18.jar;D:\software\maven-3.8.4\repository\org\springframework\spring-jcl\6.0.18\spring-jcl-6.0.18.jar;D:\software\maven-3.8.4\repository\org\yaml\snakeyaml\1.33\snakeyaml-1.33.jar;D:\software\maven-3.8.4\repository\org\springframework\boot\spring-boot-starter-web\3.1.10\spring-boot-starter-web-3.1.10.jar;D:\software\maven-3.8.4\repository\org\springframework\boot\spring-boot-starter-json\3.1.10\spring-boot-starter-json-3.1.10.jar;D:\software\maven-3.8.4\repository\com\fasterxml\jackson\core\jackson-databind\2.15.4\jackson-databind-2.15.4.jar;D:\software\maven-3.8.4\repository\com\fasterxml\jackson\core\jackson-annotations\2.15.4\jackson-annotations-2.15.4.jar;D:\software\maven-3.8.4\repository\com\fasterxml\jackson\core\jackson-core\2.15.4\jackson-core-2.15.4.jar;D:\software\maven-3.8.4\repository\com\fasterxml\jackson\datatype\jackson-datatype-jdk8\2.15.4\jackson-datatype-jdk8-2.15.4.jar;D:\software\maven-3.8.4\repository\com\fasterxml\jackson\datatype\jackson-datatype-jsr310\2.15.4\jackson-datatype-jsr310-2.15.4.jar;D:\software\maven-3.8.4\repository\com\fasterxml\jackson\module\jackson-module-parameter-names\2.15.4\jackson-module-parameter-names-2.15.4.jar;D:\software\maven-3.8.4\repository\org\springframework\boot\spring-boot-starter-tomcat\3.1.10\spring-boot-starter-tomcat-3.1.10.jar;D:\software\maven-3.8.4\repository\org\apache\tomcat\embed\tomcat-embed-core\10.1.19\tomcat-embed-core-10.1.19.jar;D:\software\maven-3.8.4\repository\org\apache\tomcat\embed\tomcat-embed-el\10.1.19\tomcat-embed-el-10.1.19.jar;D:\software\maven-3.8.4\repository\org\apache\tomcat\embed\tomcat-embed-websocket\10.1.19\tomcat-embed-websocket-10.1.19.jar;D:\software\maven-3.8.4\repository\org\springframework\spring-web\6.0.18\spring-web-6.0.18.jar;D:\software\maven-3.8.4\repository\org\springframework\spring-beans\6.0.18\spring-beans-6.0.18.jar;D:\software\maven-3.8.4\repository\org\springframework\spring-webmvc\6.0.18\spring-webmvc-6.0.18.jar;D:\software\maven-3.8.4\repository\org\springframework\spring-aop\6.0.18\spring-aop-6.0.18.jar;D:\software\maven-3.8.4\repository\org\springframework\spring-expression\6.0.18\spring-expression-6.0.18.jar;D:\software\maven-3.8.4\repository\org\springframework\boot\spring-boot-starter-actuator\3.1.10\spring-boot-starter-actuator-3.1.10.jar;D:\software\maven-3.8.4\repository\org\springframework\boot\spring-boot-actuator-autoconfigure\3.1.10\spring-boot-actuator-autoconfigure-3.1.10.jar;D:\software\maven-3.8.4\repository\org\springframework\boot\spring-boot-actuator\3.1.10\spring-boot-actuator-3.1.10.jar;D:\software\maven-3.8.4\repository\io\micrometer\micrometer-observation\1.11.10\micrometer-observation-1.11.10.jar;D:\software\maven-3.8.4\repository\io\micrometer\micrometer-commons\1.11.10\micrometer-commons-1.11.10.jar;D:\software\maven-3.8.4\repository\io\micrometer\micrometer-core\1.11.10\micrometer-core-1.11.10.jar;D:\software\maven-3.8.4\repository\org\hdrhistogram\HdrHistogram\2.1.12\HdrHistogram-2.1.12.jar;D:\software\maven-3.8.4\repository\org\latencyutils\LatencyUtils\2.0.3\LatencyUtils-2.0.3.jar;D:\software\maven-3.8.4\repository\io\micrometer\micrometer-registry-prometheus\1.11.10\micrometer-registry-prometheus-1.11.10.jar;D:\software\maven-3.8.4\repository\io\prometheus\simpleclient_common\0.16.0\simpleclient_common-0.16.0.jar;D:\software\maven-3.8.4\repository\io\prometheus\simpleclient\0.16.0\simpleclient-0.16.0.jar;D:\software\maven-3.8.4\repository\io\prometheus\simpleclient_tracer_otel\0.16.0\simpleclient_tracer_otel-0.16.0.jar;D:\software\maven-3.8.4\repository\io\prometheus\simpleclient_tracer_common\0.16.0\simpleclient_tracer_common-0.16.0.jar;D:\software\maven-3.8.4\repository\io\prometheus\simpleclient_tracer_otel_agent\0.16.0\simpleclient_tracer_otel_agent-0.16.0.jar;D:\software\maven-3.8.4\repository\org\springframework\boot\spring-boot-starter-test\3.1.10\spring-boot-starter-test-3.1.10.jar;D:\software\maven-3.8.4\repository\org\springframework\boot\spring-boot-test\3.1.10\spring-boot-test-3.1.10.jar;D:\software\maven-3.8.4\repository\org\springframework\boot\spring-boot-test-autoconfigure\3.1.10\spring-boot-test-autoconfigure-3.1.10.jar;D:\software\maven-3.8.4\repository\com\jayway\jsonpath\json-path\2.9.0\json-path-2.9.0.jar;D:\software\maven-3.8.4\repository\org\slf4j\slf4j-api\2.0.12\slf4j-api-2.0.12.jar;D:\software\maven-3.8.4\repository\jakarta\xml\bind\jakarta.xml.bind-api\4.0.2\jakarta.xml.bind-api-4.0.2.jar;D:\software\maven-3.8.4\repository\jakarta\activation\jakarta.activation-api\2.1.3\jakarta.activation-api-2.1.3.jar;D:\software\maven-3.8.4\repository\net\minidev\json-smart\2.4.11\json-smart-2.4.11.jar;D:\software\maven-3.8.4\repository\net\minidev\accessors-smart\2.4.11\accessors-smart-2.4.11.jar;D:\software\maven-3.8.4\repository\org\ow2\asm\asm\9.3\asm-9.3.jar;D:\software\maven-3.8.4\repository\org\assertj\assertj-core\3.24.2\assertj-core-3.24.2.jar;D:\software\maven-3.8.4\repository\net\bytebuddy\byte-buddy\1.14.12\byte-buddy-1.14.12.jar;D:\software\maven-3.8.4\repository\org\hamcrest\hamcrest\2.2\hamcrest-2.2.jar;D:\software\maven-3.8.4\repository\org\junit\jupiter\junit-jupiter\5.9.3\junit-jupiter-5.9.3.jar;D:\software\maven-3.8.4\repository\org\junit\jupiter\junit-jupiter-api\5.9.3\junit-jupiter-api-5.9.3.jar;D:\software\maven-3.8.4\repository\org\opentest4j\opentest4j\1.2.0\opentest4j-1.2.0.jar;D:\software\maven-3.8.4\repository\org\junit\platform\junit-platform-commons\1.9.3\junit-platform-commons-1.9.3.jar;D:\software\maven-3.8.4\repository\org\apiguardian\apiguardian-api\1.1.2\apiguardian-api-1.1.2.jar;D:\software\maven-3.8.4\repository\org\junit\jupiter\junit-jupiter-params\5.9.3\junit-jupiter-params-5.9.3.jar;D:\software\maven-3.8.4\repository\org\junit\jupiter\junit-jupiter-engine\5.9.3\junit-jupiter-engine-5.9.3.jar;D:\software\maven-3.8.4\repository\org\junit\platform\junit-platform-engine\1.9.3\junit-platform-engine-1.9.3.jar;D:\software\maven-3.8.4\repository\org\mockito\mockito-core\5.3.1\mockito-core-5.3.1.jar;D:\software\maven-3.8.4\repository\net\bytebuddy\byte-buddy-agent\1.14.12\byte-buddy-agent-1.14.12.jar;D:\software\maven-3.8.4\repository\org\objenesis\objenesis\3.3\objenesis-3.3.jar;D:\software\maven-3.8.4\repository\org\mockito\mockito-junit-jupiter\5.3.1\mockito-junit-jupiter-5.3.1.jar;D:\software\maven-3.8.4\repository\org\skyscreamer\jsonassert\1.5.1\jsonassert-1.5.1.jar;D:\software\maven-3.8.4\repository\com\vaadin\external\google\android-json\0.0.20131108.vaadin1\android-json-0.0.20131108.vaadin1.jar;D:\software\maven-3.8.4\repository\org\springframework\spring-test\6.0.18\spring-test-6.0.18.jar;D:\software\maven-3.8.4\repository\org\xmlunit\xmlunit-core\2.9.1\xmlunit-core-2.9.1.jar;"/>
    <property name="java.vm.vendor" value="Azul Systems, Inc."/>
    <property name="sun.arch.data.model" value="64"/>
    <property name="user.variant" value=""/>
    <property name="java.vendor.url" value="http://www.azul.com/"/>
    <property name="user.timezone" value="America/New_York"/>
    <property name="user.country.format" value="US"/>
    <property name="os.name" value="Windows 11"/>
    <property name="java.vm.specification.version" value="17"/>
    <property name="sun.java.launcher" value="SUN_STANDARD"/>
    <property name="user.country" value="CN"/>
    <property name="sun.boot.library.path" value="D:\software\jdk17\bin"/>
    <property name="sun.java.command" value="C:\Users\14665\AppData\Local\Temp\surefire9887357789278625621\surefirebooter-20240327185137725_3.jar C:\Users\14665\AppData\Local\Temp\surefire9887357789278625621 2024-03-27T18-51-37_633-jvmRun1 surefire-20240327185137725_1tmp surefire_0-20240327185137725_2tmp"/>
    <property name="jdk.debug" value="release"/>
    <property name="surefire.test.class.path" value="E:\prometheusDemo\target\test-classes;E:\prometheusDemo\target\classes;D:\software\maven-3.8.4\repository\org\springframework\boot\spring-boot-starter\3.1.10\spring-boot-starter-3.1.10.jar;D:\software\maven-3.8.4\repository\org\springframework\boot\spring-boot\3.1.10\spring-boot-3.1.10.jar;D:\software\maven-3.8.4\repository\org\springframework\spring-context\6.0.18\spring-context-6.0.18.jar;D:\software\maven-3.8.4\repository\org\springframework\boot\spring-boot-autoconfigure\3.1.10\spring-boot-autoconfigure-3.1.10.jar;D:\software\maven-3.8.4\repository\org\springframework\boot\spring-boot-starter-logging\3.1.10\spring-boot-starter-logging-3.1.10.jar;D:\software\maven-3.8.4\repository\ch\qos\logback\logback-classic\1.4.14\logback-classic-1.4.14.jar;D:\software\maven-3.8.4\repository\ch\qos\logback\logback-core\1.4.14\logback-core-1.4.14.jar;D:\software\maven-3.8.4\repository\org\apache\logging\log4j\log4j-to-slf4j\2.20.0\log4j-to-slf4j-2.20.0.jar;D:\software\maven-3.8.4\repository\org\apache\logging\log4j\log4j-api\2.20.0\log4j-api-2.20.0.jar;D:\software\maven-3.8.4\repository\org\slf4j\jul-to-slf4j\2.0.12\jul-to-slf4j-2.0.12.jar;D:\software\maven-3.8.4\repository\jakarta\annotation\jakarta.annotation-api\2.1.1\jakarta.annotation-api-2.1.1.jar;D:\software\maven-3.8.4\repository\org\springframework\spring-core\6.0.18\spring-core-6.0.18.jar;D:\software\maven-3.8.4\repository\org\springframework\spring-jcl\6.0.18\spring-jcl-6.0.18.jar;D:\software\maven-3.8.4\repository\org\yaml\snakeyaml\1.33\snakeyaml-1.33.jar;D:\software\maven-3.8.4\repository\org\springframework\boot\spring-boot-starter-web\3.1.10\spring-boot-starter-web-3.1.10.jar;D:\software\maven-3.8.4\repository\org\springframework\boot\spring-boot-starter-json\3.1.10\spring-boot-starter-json-3.1.10.jar;D:\software\maven-3.8.4\repository\com\fasterxml\jackson\core\jackson-databind\2.15.4\jackson-databind-2.15.4.jar;D:\software\maven-3.8.4\repository\com\fasterxml\jackson\core\jackson-annotations\2.15.4\jackson-annotations-2.15.4.jar;D:\software\maven-3.8.4\repository\com\fasterxml\jackson\core\jackson-core\2.15.4\jackson-core-2.15.4.jar;D:\software\maven-3.8.4\repository\com\fasterxml\jackson\datatype\jackson-datatype-jdk8\2.15.4\jackson-datatype-jdk8-2.15.4.jar;D:\software\maven-3.8.4\repository\com\fasterxml\jackson\datatype\jackson-datatype-jsr310\2.15.4\jackson-datatype-jsr310-2.15.4.jar;D:\software\maven-3.8.4\repository\com\fasterxml\jackson\module\jackson-module-parameter-names\2.15.4\jackson-module-parameter-names-2.15.4.jar;D:\software\maven-3.8.4\repository\org\springframework\boot\spring-boot-starter-tomcat\3.1.10\spring-boot-starter-tomcat-3.1.10.jar;D:\software\maven-3.8.4\repository\org\apache\tomcat\embed\tomcat-embed-core\10.1.19\tomcat-embed-core-10.1.19.jar;D:\software\maven-3.8.4\repository\org\apache\tomcat\embed\tomcat-embed-el\10.1.19\tomcat-embed-el-10.1.19.jar;D:\software\maven-3.8.4\repository\org\apache\tomcat\embed\tomcat-embed-websocket\10.1.19\tomcat-embed-websocket-10.1.19.jar;D:\software\maven-3.8.4\repository\org\springframework\spring-web\6.0.18\spring-web-6.0.18.jar;D:\software\maven-3.8.4\repository\org\springframework\spring-beans\6.0.18\spring-beans-6.0.18.jar;D:\software\maven-3.8.4\repository\org\springframework\spring-webmvc\6.0.18\spring-webmvc-6.0.18.jar;D:\software\maven-3.8.4\repository\org\springframework\spring-aop\6.0.18\spring-aop-6.0.18.jar;D:\software\maven-3.8.4\repository\org\springframework\spring-expression\6.0.18\spring-expression-6.0.18.jar;D:\software\maven-3.8.4\repository\org\springframework\boot\spring-boot-starter-actuator\3.1.10\spring-boot-starter-actuator-3.1.10.jar;D:\software\maven-3.8.4\repository\org\springframework\boot\spring-boot-actuator-autoconfigure\3.1.10\spring-boot-actuator-autoconfigure-3.1.10.jar;D:\software\maven-3.8.4\repository\org\springframework\boot\spring-boot-actuator\3.1.10\spring-boot-actuator-3.1.10.jar;D:\software\maven-3.8.4\repository\io\micrometer\micrometer-observation\1.11.10\micrometer-observation-1.11.10.jar;D:\software\maven-3.8.4\repository\io\micrometer\micrometer-commons\1.11.10\micrometer-commons-1.11.10.jar;D:\software\maven-3.8.4\repository\io\micrometer\micrometer-core\1.11.10\micrometer-core-1.11.10.jar;D:\software\maven-3.8.4\repository\org\hdrhistogram\HdrHistogram\2.1.12\HdrHistogram-2.1.12.jar;D:\software\maven-3.8.4\repository\org\latencyutils\LatencyUtils\2.0.3\LatencyUtils-2.0.3.jar;D:\software\maven-3.8.4\repository\io\micrometer\micrometer-registry-prometheus\1.11.10\micrometer-registry-prometheus-1.11.10.jar;D:\software\maven-3.8.4\repository\io\prometheus\simpleclient_common\0.16.0\simpleclient_common-0.16.0.jar;D:\software\maven-3.8.4\repository\io\prometheus\simpleclient\0.16.0\simpleclient-0.16.0.jar;D:\software\maven-3.8.4\repository\io\prometheus\simpleclient_tracer_otel\0.16.0\simpleclient_tracer_otel-0.16.0.jar;D:\software\maven-3.8.4\repository\io\prometheus\simpleclient_tracer_common\0.16.0\simpleclient_tracer_common-0.16.0.jar;D:\software\maven-3.8.4\repository\io\prometheus\simpleclient_tracer_otel_agent\0.16.0\simpleclient_tracer_otel_agent-0.16.0.jar;D:\software\maven-3.8.4\repository\org\springframework\boot\spring-boot-starter-test\3.1.10\spring-boot-starter-test-3.1.10.jar;D:\software\maven-3.8.4\repository\org\springframework\boot\spring-boot-test\3.1.10\spring-boot-test-3.1.10.jar;D:\software\maven-3.8.4\repository\org\springframework\boot\spring-boot-test-autoconfigure\3.1.10\spring-boot-test-autoconfigure-3.1.10.jar;D:\software\maven-3.8.4\repository\com\jayway\jsonpath\json-path\2.9.0\json-path-2.9.0.jar;D:\software\maven-3.8.4\repository\org\slf4j\slf4j-api\2.0.12\slf4j-api-2.0.12.jar;D:\software\maven-3.8.4\repository\jakarta\xml\bind\jakarta.xml.bind-api\4.0.2\jakarta.xml.bind-api-4.0.2.jar;D:\software\maven-3.8.4\repository\jakarta\activation\jakarta.activation-api\2.1.3\jakarta.activation-api-2.1.3.jar;D:\software\maven-3.8.4\repository\net\minidev\json-smart\2.4.11\json-smart-2.4.11.jar;D:\software\maven-3.8.4\repository\net\minidev\accessors-smart\2.4.11\accessors-smart-2.4.11.jar;D:\software\maven-3.8.4\repository\org\ow2\asm\asm\9.3\asm-9.3.jar;D:\software\maven-3.8.4\repository\org\assertj\assertj-core\3.24.2\assertj-core-3.24.2.jar;D:\software\maven-3.8.4\repository\net\bytebuddy\byte-buddy\1.14.12\byte-buddy-1.14.12.jar;D:\software\maven-3.8.4\repository\org\hamcrest\hamcrest\2.2\hamcrest-2.2.jar;D:\software\maven-3.8.4\repository\org\junit\jupiter\junit-jupiter\5.9.3\junit-jupiter-5.9.3.jar;D:\software\maven-3.8.4\repository\org\junit\jupiter\junit-jupiter-api\5.9.3\junit-jupiter-api-5.9.3.jar;D:\software\maven-3.8.4\repository\org\opentest4j\opentest4j\1.2.0\opentest4j-1.2.0.jar;D:\software\maven-3.8.4\repository\org\junit\platform\junit-platform-commons\1.9.3\junit-platform-commons-1.9.3.jar;D:\software\maven-3.8.4\repository\org\apiguardian\apiguardian-api\1.1.2\apiguardian-api-1.1.2.jar;D:\software\maven-3.8.4\repository\org\junit\jupiter\junit-jupiter-params\5.9.3\junit-jupiter-params-5.9.3.jar;D:\software\maven-3.8.4\repository\org\junit\jupiter\junit-jupiter-engine\5.9.3\junit-jupiter-engine-5.9.3.jar;D:\software\maven-3.8.4\repository\org\junit\platform\junit-platform-engine\1.9.3\junit-platform-engine-1.9.3.jar;D:\software\maven-3.8.4\repository\org\mockito\mockito-core\5.3.1\mockito-core-5.3.1.jar;D:\software\maven-3.8.4\repository\net\bytebuddy\byte-buddy-agent\1.14.12\byte-buddy-agent-1.14.12.jar;D:\software\maven-3.8.4\repository\org\objenesis\objenesis\3.3\objenesis-3.3.jar;D:\software\maven-3.8.4\repository\org\mockito\mockito-junit-jupiter\5.3.1\mockito-junit-jupiter-5.3.1.jar;D:\software\maven-3.8.4\repository\org\skyscreamer\jsonassert\1.5.1\jsonassert-1.5.1.jar;D:\software\maven-3.8.4\repository\com\vaadin\external\google\android-json\0.0.20131108.vaadin1\android-json-0.0.20131108.vaadin1.jar;D:\software\maven-3.8.4\repository\org\springframework\spring-test\6.0.18\spring-test-6.0.18.jar;D:\software\maven-3.8.4\repository\org\xmlunit\xmlunit-core\2.9.1\xmlunit-core-2.9.1.jar;"/>
    <property name="sun.cpu.endian" value="little"/>
    <property name="user.home" value="C:\Users\14665"/>
    <property name="user.language" value="zh"/>
    <property name="java.specification.vendor" value="Oracle Corporation"/>
    <property name="java.version.date" value="2023-08-24"/>
    <property name="java.home" value="D:\software\jdk17"/>
    <property name="file.separator" value="\"/>
    <property name="basedir" value="E:\prometheusDemo"/>
    <property name="java.vm.compressedOopsMode" value="Zero based"/>
    <property name="line.separator" value="&#10;"/>
    <property name="java.vm.specification.vendor" value="Oracle Corporation"/>
    <property name="java.specification.name" value="Java Platform API Specification"/>
    <property name="FILE_LOG_CHARSET" value="windows-1252"/>
    <property name="java.awt.headless" value="true"/>
    <property name="surefire.real.class.path" value="C:\Users\14665\AppData\Local\Temp\surefire9887357789278625621\surefirebooter-20240327185137725_3.jar"/>
    <property name="user.script" value=""/>
    <property name="sun.management.compiler" value="HotSpot 64-Bit Tiered Compilers"/>
    <property name="java.runtime.version" value="17.0.8.1+1-LTS"/>
    <property name="user.name" value="14665"/>
    <property name="path.separator" value=";"/>
    <property name="os.version" value="10.0"/>
    <property name="java.runtime.name" value="OpenJDK Runtime Environment"/>
    <property name="file.encoding" value="Cp1252"/>
    <property name="java.vm.name" value="OpenJDK 64-Bit Server VM"/>
    <property name="java.vendor.version" value="Zulu17.44+53-CA"/>
    <property name="localRepository" value="D:\software\maven-3.8.4\repository"/>
    <property name="java.vendor.url.bug" value="http://www.azul.com/support/"/>
    <property name="java.io.tmpdir" value="C:\Users\14665\AppData\Local\Temp\"/>
    <property name="idea.version" value="2023.1.1"/>
    <property name="java.version" value="17.0.8.1"/>
    <property name="user.dir" value="E:\prometheusDemo"/>
    <property name="os.arch" value="amd64"/>
    <property name="java.vm.specification.name" value="Java Virtual Machine Specification"/>
    <property name="PID" value="16148"/>
    <property name="user.language.format" value="en"/>
    <property name="sun.os.patch.level" value=""/>
    <property name="CONSOLE_LOG_CHARSET" value="windows-1252"/>
    <property name="native.encoding" value="Cp1252"/>
    <property name="java.library.path" value="D:\software\jdk17\bin;C:\WINDOWS\Sun\Java\bin;C:\WINDOWS\system32;C:\WINDOWS;D:\software\jdk11\bin;D:\software\jdk11\jre\bin;D:\software\VM Ware\bin\;C:\WINDOWS\system32;C:\WINDOWS;C:\WINDOWS\System32\Wbem;C:\WINDOWS\System32\WindowsPowerShell\v1.0\;C:\WINDOWS\System32\OpenSSH\;D:\software\Git\cmd;D:\software\nodejs\;D:\software\nodejs;D:\software\nodejs\node_global;D:\software\nodejs\node_cache;D:\software\xmanager7\Xmanager 7\;D:\software\xmanager7\Xshell 7\;D:\software\xmanager7\Xftp 7\;D:\software\xmanager7\Xlpd 7\;D:\software\scala-2.13.12\bin;D:\software\apache-tomcat-8.5.81\bin;D:\software\maven-3.8.4\bin;D:\software\hadoop-3.3.6\bin;D:\software\python\Scripts\;D:\software\python\;C:\Users\14665\AppData\Local\Microsoft\WindowsApps;C:\Users\14665\AppData\Roaming\npm;."/>
    <property name="java.vm.info" value="mixed mode, sharing"/>
    <property name="java.vendor" value="Azul Systems, Inc."/>
    <property name="java.vm.version" value="17.0.8.1+1-LTS"/>
    <property name="sun.io.unicode.encoding" value="UnicodeLittle"/>
    <property name="maven.repo.local" value="D:\software\maven-3.8.4\repository"/>
    <property name="java.class.version" value="61.0"/>
  </properties>
  <testcase name="contextLoads" classname="com.example.prometheusdemo.PrometheusDemoApplicationTests" time="0.728">
    <system-out><![CDATA[18:51:38.266 [main] INFO org.springframework.test.context.support.AnnotationConfigContextLoaderUtils -- Could not detect default configuration classes for test class [com.example.prometheusdemo.PrometheusDemoApplicationTests]: PrometheusDemoApplicationTests does not declare any static, non-private, non-final, nested classes annotated with @Configuration.
18:51:38.325 [main] INFO org.springframework.boot.test.context.SpringBootTestContextBootstrapper -- Found @SpringBootConfiguration com.example.prometheusdemo.PrometheusDemoApplication for test class com.example.prometheusdemo.PrometheusDemoApplicationTests

  .   ____          _            __ _ _
 /\\ / ___'_ __ _ _(_)_ __  __ _ \ \ \ \
( ( )\___ | '_ | '_| | '_ \/ _` | \ \ \ \
 \\/  ___)| |_)| | | | | || (_| |  ) ) ) )
  '  |____| .__|_| |_|_| |_\__, | / / / /
 =========|_|==============|___/=/_/_/_/
 :: Spring Boot ::               (v3.1.10)

2024-03-27T18:51:38.603-04:00  INFO 16148 --- [           main] c.e.p.PrometheusDemoApplicationTests     : Starting PrometheusDemoApplicationTests using Java 17.0.8.1 with PID 16148 (started by 14665 in E:\prometheusDemo)
2024-03-27T18:51:38.604-04:00  INFO 16148 --- [           main] c.e.p.PrometheusDemoApplicationTests     : No active profile set, falling back to 1 default profile: "default"
2024-03-27T18:51:39.819-04:00  INFO 16148 --- [           main] o.s.b.a.e.web.EndpointLinksResolver      : Exposing 14 endpoint(s) beneath base path '/actuator'
2024-03-27T18:51:39.873-04:00  INFO 16148 --- [           main] c.e.p.PrometheusDemoApplicationTests     : Started PrometheusDemoApplicationTests in 1.458 seconds (process running for 2.063)
]]></system-out>
  </testcase>
</testsuite>